<?xml version="1.0" encoding="UTF-8"?>
<testng-results ignored="0" total="1" passed="1" failed="0" skipped="0">
  <reporter-output>
  </reporter-output>
  <suite started-at="2021-06-29T11:03:14 PDT" name="Surefire suite" finished-at="2021-06-29T11:03:30 PDT" duration-ms="16520">
    <groups>
      <group name="cucumber">
        <method signature="AbstractTestNGCucumberTests.feature(cucumber.api.testng.CucumberFeatureWrapper)[pri:0, instance:TestRunnerDeOneoOne.TestRunnerDOne@4802796d]" name="feature" class="cucumber.api.testng.AbstractTestNGCucumberTests"/>
      </group> <!-- cucumber -->
    </groups>
    <test started-at="2021-06-29T11:03:14 PDT" name="Surefire test" finished-at="2021-06-29T11:03:30 PDT" duration-ms="16520">
      <class name="TestRunnerDeOneoOne.TestRunnerDOne">
        <test-method is-config="true" signature="setUpClass()[pri:0, instance:TestRunnerDeOneoOne.TestRunnerDOne@4802796d]" started-at="2021-06-29T11:03:14 PDT" name="setUpClass" finished-at="2021-06-29T11:03:14 PDT" duration-ms="340" status="PASS">
          <reporter-output>
          </reporter-output>
        </test-method> <!-- setUpClass -->
        <test-method signature="feature(cucumber.api.testng.CucumberFeatureWrapper)[pri:0, instance:TestRunnerDeOneoOne.TestRunnerDOne@4802796d]" started-at="2021-06-29T11:03:14 PDT" name="feature" description="Runs Cucumber Feature" data-provider="features" finished-at="2021-06-29T11:03:30 PDT" duration-ms="15970" status="PASS">
          <params>
            <param index="0">
              <value>
                <![CDATA[Test Twitter smoke scenario]]>
              </value>
            </param>
          </params>
          <reporter-output>
          </reporter-output>
        </test-method> <!-- feature -->
        <test-method is-config="true" signature="tearDownClass()[pri:0, instance:TestRunnerDeOneoOne.TestRunnerDOne@4802796d]" started-at="2021-06-29T11:03:30 PDT" name="tearDownClass" finished-at="2021-06-29T11:03:30 PDT" duration-ms="63" status="PASS">
          <reporter-output>
          </reporter-output>
        </test-method> <!-- tearDownClass -->
      </class> <!-- TestRunnerDeOneoOne.TestRunnerDOne -->
    </test> <!-- Surefire test -->
  </suite> <!-- Surefire suite -->
</testng-results>
