<?xml version="1.0" encoding="UTF-8"?>
<testng-results ignored="0" total="1" passed="1" failed="0" skipped="0">
  <reporter-output>
  </reporter-output>
  <suite started-at="2021-09-18T01:15:58 PDT" name="Default suite" finished-at="2021-09-18T01:16:24 PDT" duration-ms="25704">
    <groups>
      <group name="cucumber">
        <method signature="AbstractTestNGCucumberTests.feature(cucumber.api.testng.CucumberFeatureWrapper)[pri:0, instance:TestRunnerDeOneoOne.TestRunnerDOne@49dc7102]" name="feature" class="cucumber.api.testng.AbstractTestNGCucumberTests"/>
      </group> <!-- cucumber -->
    </groups>
    <test started-at="2021-09-18T01:15:58 PDT" name="Default test" finished-at="2021-09-18T01:16:24 PDT" duration-ms="25704">
      <class name="TestRunnerDeOneoOne.TestRunnerDOne">
        <test-method is-config="true" signature="setUpClass()[pri:0, instance:TestRunnerDeOneoOne.TestRunnerDOne@49dc7102]" started-at="2021-09-18T01:15:58 PDT" name="setUpClass" finished-at="2021-09-18T01:15:59 PDT" duration-ms="337" status="PASS">
          <reporter-output>
          </reporter-output>
        </test-method> <!-- setUpClass -->
        <test-method signature="feature(cucumber.api.testng.CucumberFeatureWrapper)[pri:0, instance:TestRunnerDeOneoOne.TestRunnerDOne@49dc7102]" started-at="2021-09-18T01:15:59 PDT" name="feature" description="Runs Cucumber Feature" data-provider="features" finished-at="2021-09-18T01:16:24 PDT" duration-ms="25172" status="PASS">
          <params>
            <param index="0">
              <value>
                <![CDATA[Test Twitter smoke scenario]]>
              </value>
            </param>
          </params>
          <reporter-output>
          </reporter-output>
        </test-method> <!-- feature -->
        <test-method is-config="true" signature="tearDownClass()[pri:0, instance:TestRunnerDeOneoOne.TestRunnerDOne@49dc7102]" started-at="2021-09-18T01:16:24 PDT" name="tearDownClass" finished-at="2021-09-18T01:16:24 PDT" duration-ms="26" status="PASS">
          <reporter-output>
          </reporter-output>
        </test-method> <!-- tearDownClass -->
      </class> <!-- TestRunnerDeOneoOne.TestRunnerDOne -->
    </test> <!-- Default test -->
  </suite> <!-- Default suite -->
</testng-results>
